2021-02-23 14:20:58.735  INFO 19892 [main] c.s.admin.client.AdminClientApplication  651 : No active profile set, falling back to default profiles: default
2021-02-23 14:20:59.464  WARN 19892 [main] o.s.boot.actuate.endpoint.EndpointId     155 : Endpoint ID 'service-registry' contains invalid characters, please migrate to a valid format.
2021-02-23 14:20:59.556  INFO 19892 [main] o.s.cloud.context.scope.GenericScope     295 : BeanFactory id=b8cb6042-1abe-3bc1-9502-102903a3bef7
2021-02-23 14:20:59.567  INFO 19892 [main] trationDelegate$BeanPostProcessorChecker 335 : Bean 'org.springframework.cloud.client.loadbalancer.reactive.LoadBalancerBeanPostProcessorAutoConfiguration' of type [org.springframework.cloud.client.loadbalancer.reactive.LoadBalancerBeanPostProcessorAutoConfiguration] is not eligible for getting processed by all BeanPostProcessors (for example: not eligible for auto-proxying)
2021-02-23 14:20:59.568  INFO 19892 [main] trationDelegate$BeanPostProcessorChecker 335 : Bean 'org.springframework.cloud.client.loadbalancer.reactive.LoadBalancerBeanPostProcessorAutoConfiguration$ReactiveLoadBalancerConfig' of type [org.springframework.cloud.client.loadbalancer.reactive.LoadBalancerBeanPostProcessorAutoConfiguration$ReactiveLoadBalancerConfig] is not eligible for getting processed by all BeanPostProcessors (for example: not eligible for auto-proxying)
2021-02-23 14:20:59.569  INFO 19892 [main] trationDelegate$BeanPostProcessorChecker 335 : Bean 'deferringLoadBalancerExchangeFilterFunction' of type [org.springframework.cloud.client.loadbalancer.reactive.DeferringLoadBalancerExchangeFilterFunction] is not eligible for getting processed by all BeanPostProcessors (for example: not eligible for auto-proxying)
2021-02-23 14:20:59.802  INFO 19892 [main] o.s.b.w.embedded.tomcat.TomcatWebServer  108 : Tomcat initialized with port(s): 8081 (http)
2021-02-23 14:20:59.810  INFO 19892 [main] o.a.coyote.http11.Http11NioProtocol      173 : Initializing ProtocolHandler ["http-nio-8081"]
2021-02-23 14:20:59.811  INFO 19892 [main] o.apache.catalina.core.StandardService   173 : Starting service [Tomcat]
2021-02-23 14:20:59.811  INFO 19892 [main] org.apache.catalina.core.StandardEngine  173 : Starting Servlet engine: [Apache Tomcat/9.0.37]
2021-02-23 14:20:59.899  INFO 19892 [main] o.a.c.c.C.[.[localhost].[/admin-client]  173 : Initializing Spring embedded WebApplicationContext
2021-02-23 14:20:59.899  INFO 19892 [main] w.s.c.ServletWebServerApplicationContext 285 : Root WebApplicationContext: initialization completed in 1140 ms
2021-02-23 14:21:00.070  WARN 19892 [main] c.n.c.sources.URLConfigurationSource     121 : No URLs will be polled as dynamic configuration sources.
2021-02-23 14:21:00.070  INFO 19892 [main] c.n.c.sources.URLConfigurationSource     122 : To enable URLs as dynamic configuration sources, define System property archaius.configurationSource.additionalUrls or make config.properties available on classpath.
2021-02-23 14:21:00.074  WARN 19892 [main] c.n.c.sources.URLConfigurationSource     121 : No URLs will be polled as dynamic configuration sources.
2021-02-23 14:21:00.075  INFO 19892 [main] c.n.c.sources.URLConfigurationSource     122 : To enable URLs as dynamic configuration sources, define System property archaius.configurationSource.additionalUrls or make config.properties available on classpath.
2021-02-23 14:21:00.206  INFO 19892 [main] o.s.s.concurrent.ThreadPoolTaskExecutor  181 : Initializing ExecutorService 'applicationTaskExecutor'
2021-02-23 14:21:00.306  WARN 19892 [main] ion$DefaultTemplateResolverConfiguration 106 : Cannot find template location: classpath:/templates/ (please add some templates or check your Thymeleaf configuration)
2021-02-23 14:21:00.530  INFO 19892 [main] o.s.s.c.ThreadPoolTaskScheduler          181 : Initializing ExecutorService 'Nacos-Watch-Task-Scheduler'
2021-02-23 14:21:01.589  INFO 19892 [main] o.s.b.a.e.web.EndpointLinksResolver      58 : Exposing 19 endpoint(s) beneath base path '/actuator'
2021-02-23 14:21:01.704  INFO 19892 [main] o.a.coyote.http11.Http11NioProtocol      173 : Starting ProtocolHandler ["http-nio-8081"]
2021-02-23 14:21:01.723  INFO 19892 [main] o.s.b.w.embedded.tomcat.TomcatWebServer  220 : Tomcat started on port(s): 8081 (http) with context path '/admin-client'
2021-02-23 14:21:01.938  INFO 19892 [main] c.a.c.n.registry.NacosServiceRegistry    75 : nacos registry, spring-boot-admin spring-boot-admin-client 192.168.100.97:8081 register finished
2021-02-23 14:21:02.259  INFO 19892 [main] c.s.admin.client.AdminClientApplication  61 : Started AdminClientApplication in 5.274 seconds (JVM running for 6.164)
2021-02-23 14:21:02.704  INFO 19892 [RMI TCP Connection(5)-192.168.100.97] o.a.c.c.C.[.[localhost].[/admin-client]  173 : Initializing Spring DispatcherServlet 'dispatcherServlet'
2021-02-23 14:21:02.704  INFO 19892 [RMI TCP Connection(5)-192.168.100.97] o.s.web.servlet.DispatcherServlet        525 : Initializing Servlet 'dispatcherServlet'
2021-02-23 14:21:02.714  INFO 19892 [RMI TCP Connection(5)-192.168.100.97] o.s.web.servlet.DispatcherServlet        547 : Completed initialization in 9 ms
2021-02-23 14:24:02.764  WARN 19892 [Thread-14] c.a.n.common.http.HttpClientBeanHolder   108 : [HttpClientBeanHolder] Start destroying common HttpClient
2021-02-23 14:24:02.764  WARN 19892 [Thread-20] c.a.nacos.common.notify.NotifyCenter     145 : [NotifyCenter] Start destroying Publisher
2021-02-23 14:24:02.765  WARN 19892 [Thread-20] c.a.nacos.common.notify.NotifyCenter     162 : [NotifyCenter] Destruction of the end
2021-02-23 14:24:02.765  WARN 19892 [Thread-14] c.a.n.common.http.HttpClientBeanHolder   114 : [HttpClientBeanHolder] Destruction of the end
2021-02-23 14:24:02.935  INFO 19892 [SpringContextShutdownHook] o.s.s.c.ThreadPoolTaskScheduler          218 : Shutting down ExecutorService 'Nacos-Watch-Task-Scheduler'
2021-02-23 14:24:02.940  INFO 19892 [SpringContextShutdownHook] c.a.c.n.registry.NacosServiceRegistry    90 : De-registering from Nacos Server now...
2021-02-23 14:24:02.943  INFO 19892 [SpringContextShutdownHook] c.a.c.n.registry.NacosServiceRegistry    110 : De-registration finished.
2021-02-23 14:24:12.044  WARN 19892 [SpringContextShutdownHook] o.s.b.f.support.DisposableBeanAdapter    349 : Destroy method 'close' on bean with name 'nacosServiceRegistry' threw an exception: java.lang.NullPointerException
2021-02-23 14:24:12.045  INFO 19892 [SpringContextShutdownHook] o.s.s.concurrent.ThreadPoolTaskExecutor  218 : Shutting down ExecutorService 'applicationTaskExecutor'
