2021-02-23 14:20:46.769  INFO 864 [main] c.s.admin.server.AdminServerApplication  651 : No active profile set, falling back to default profiles: default
2021-02-23 14:20:47.501  WARN 864 [main] o.s.boot.actuate.endpoint.EndpointId     155 : Endpoint ID 'service-registry' contains invalid characters, please migrate to a valid format.
2021-02-23 14:20:47.597  INFO 864 [main] o.s.cloud.context.scope.GenericScope     295 : BeanFactory id=4763aaca-b313-3002-9d51-a2bcca27cf35
2021-02-23 14:20:47.612  INFO 864 [main] trationDelegate$BeanPostProcessorChecker 335 : Bean 'org.springframework.cloud.client.loadbalancer.reactive.LoadBalancerBeanPostProcessorAutoConfiguration' of type [org.springframework.cloud.client.loadbalancer.reactive.LoadBalancerBeanPostProcessorAutoConfiguration] is not eligible for getting processed by all BeanPostProcessors (for example: not eligible for auto-proxying)
2021-02-23 14:20:47.613  INFO 864 [main] trationDelegate$BeanPostProcessorChecker 335 : Bean 'org.springframework.cloud.client.loadbalancer.reactive.LoadBalancerBeanPostProcessorAutoConfiguration$ReactiveLoadBalancerConfig' of type [org.springframework.cloud.client.loadbalancer.reactive.LoadBalancerBeanPostProcessorAutoConfiguration$ReactiveLoadBalancerConfig] is not eligible for getting processed by all BeanPostProcessors (for example: not eligible for auto-proxying)
2021-02-23 14:20:47.614  INFO 864 [main] trationDelegate$BeanPostProcessorChecker 335 : Bean 'deferringLoadBalancerExchangeFilterFunction' of type [org.springframework.cloud.client.loadbalancer.reactive.DeferringLoadBalancerExchangeFilterFunction] is not eligible for getting processed by all BeanPostProcessors (for example: not eligible for auto-proxying)
2021-02-23 14:20:47.792  INFO 864 [main] o.s.b.w.embedded.tomcat.TomcatWebServer  108 : Tomcat initialized with port(s): 8080 (http)
2021-02-23 14:20:47.800  INFO 864 [main] o.a.coyote.http11.Http11NioProtocol      173 : Initializing ProtocolHandler ["http-nio-8080"]
2021-02-23 14:20:47.801  INFO 864 [main] o.apache.catalina.core.StandardService   173 : Starting service [Tomcat]
2021-02-23 14:20:47.801  INFO 864 [main] org.apache.catalina.core.StandardEngine  173 : Starting Servlet engine: [Apache Tomcat/9.0.37]
2021-02-23 14:20:47.895  INFO 864 [main] o.a.c.c.C.[Tomcat].[localhost].[/]       173 : Initializing Spring embedded WebApplicationContext
2021-02-23 14:20:47.895  INFO 864 [main] w.s.c.ServletWebServerApplicationContext 285 : Root WebApplicationContext: initialization completed in 1102 ms
2021-02-23 14:20:48.207  INFO 864 [main] o.s.s.web.DefaultSecurityFilterChain     43 : Creating filter chain: any request, [org.springframework.security.web.context.request.async.WebAsyncManagerIntegrationFilter@4a22e4d7, org.springframework.security.web.context.SecurityContextPersistenceFilter@5ea7bc4, org.springframework.security.web.header.HeaderWriterFilter@c48b543, org.springframework.security.web.csrf.CsrfFilter@6f1fa1d0, org.springframework.security.web.authentication.logout.LogoutFilter@430df350, org.springframework.security.web.authentication.UsernamePasswordAuthenticationFilter@40bd0f8, org.springframework.security.web.authentication.www.BasicAuthenticationFilter@7741ae1b, org.springframework.security.web.savedrequest.RequestCacheAwareFilter@696fad31, org.springframework.security.web.servletapi.SecurityContextHolderAwareRequestFilter@743c3520, org.springframework.security.web.authentication.AnonymousAuthenticationFilter@d8835af, org.springframework.security.web.session.SessionManagementFilter@4652c74d, org.springframework.security.web.access.ExceptionTranslationFilter@72a8361b, org.springframework.security.web.access.intercept.FilterSecurityInterceptor@a3cba3a]
2021-02-23 14:20:48.223  WARN 864 [main] c.n.c.sources.URLConfigurationSource     121 : No URLs will be polled as dynamic configuration sources.
2021-02-23 14:20:48.223  INFO 864 [main] c.n.c.sources.URLConfigurationSource     122 : To enable URLs as dynamic configuration sources, define System property archaius.configurationSource.additionalUrls or make config.properties available on classpath.
2021-02-23 14:20:48.226  WARN 864 [main] c.n.c.sources.URLConfigurationSource     121 : No URLs will be polled as dynamic configuration sources.
2021-02-23 14:20:48.227  INFO 864 [main] c.n.c.sources.URLConfigurationSource     122 : To enable URLs as dynamic configuration sources, define System property archaius.configurationSource.additionalUrls or make config.properties available on classpath.
2021-02-23 14:20:48.403  INFO 864 [main] o.s.s.concurrent.ThreadPoolTaskExecutor  181 : Initializing ExecutorService 'applicationTaskExecutor'
2021-02-23 14:20:48.514  WARN 864 [main] ion$DefaultTemplateResolverConfiguration 106 : Cannot find template location: classpath:/templates/ (please add some templates or check your Thymeleaf configuration)
2021-02-23 14:20:48.747  INFO 864 [main] o.s.s.c.ThreadPoolTaskScheduler          181 : Initializing ExecutorService 'Nacos-Watch-Task-Scheduler'
2021-02-23 14:20:50.232  WARN 864 [main] s.o.SpringCloudSecurityAutoConfiguration 38 : All Spring Cloud Security modules and starters are deprecated. They will be moved to individual projects in the next major release.
2021-02-23 14:20:50.237  INFO 864 [main] o.s.b.a.e.web.EndpointLinksResolver      58 : Exposing 19 endpoint(s) beneath base path '/actuator'
2021-02-23 14:20:50.349  INFO 864 [main] o.a.coyote.http11.Http11NioProtocol      173 : Starting ProtocolHandler ["http-nio-8080"]
2021-02-23 14:20:50.370  INFO 864 [main] o.s.b.w.embedded.tomcat.TomcatWebServer  220 : Tomcat started on port(s): 8080 (http) with context path ''
2021-02-23 14:20:50.575  INFO 864 [main] c.a.c.n.registry.NacosServiceRegistry    75 : nacos registry, spring-boot-admin spring-boot-admin-server 192.168.100.97:8080 register finished
2021-02-23 14:20:50.786  INFO 864 [main] c.s.admin.server.AdminServerApplication  61 : Started AdminServerApplication in 5.089 seconds (JVM running for 5.712)
2021-02-23 14:20:51.473  INFO 864 [RMI TCP Connection(4)-192.168.100.97] o.a.c.c.C.[Tomcat].[localhost].[/]       173 : Initializing Spring DispatcherServlet 'dispatcherServlet'
2021-02-23 14:20:51.474  INFO 864 [RMI TCP Connection(4)-192.168.100.97] o.s.web.servlet.DispatcherServlet        525 : Initializing Servlet 'dispatcherServlet'
2021-02-23 14:20:51.480  INFO 864 [RMI TCP Connection(4)-192.168.100.97] o.s.web.servlet.DispatcherServlet        547 : Completed initialization in 6 ms
2021-02-23 14:21:19.276  INFO 864 [http-nio-8080-exec-1] o.apache.tomcat.util.http.parser.Cookie  173 : A cookie header was received [1611802506; _ga=GA1.1.1744953532.1611904910; NavicatMonitorCookie=9e9fdf79-9fbf-4ef8-a701-efd7c6f63b25; XSRF-TOKEN=293bcd11-82b1-48f2-9c39-31d1df978d67; JSESSIONID=0F5DEFEFD68C2EBF0C333ED19F6EC936] that contained an invalid cookie. That cookie will be ignored.
 Note: further occurrences of this error will be logged at DEBUG level.
2021-02-23 14:23:55.006  WARN 864 [Thread-21] c.a.nacos.common.notify.NotifyCenter     145 : [NotifyCenter] Start destroying Publisher
2021-02-23 14:23:55.006  WARN 864 [Thread-14] c.a.n.common.http.HttpClientBeanHolder   108 : [HttpClientBeanHolder] Start destroying common HttpClient
2021-02-23 14:23:55.007  WARN 864 [Thread-21] c.a.nacos.common.notify.NotifyCenter     162 : [NotifyCenter] Destruction of the end
2021-02-23 14:23:55.007  WARN 864 [Thread-14] c.a.n.common.http.HttpClientBeanHolder   114 : [HttpClientBeanHolder] Destruction of the end
2021-02-23 14:23:55.196  INFO 864 [SpringContextShutdownHook] o.s.s.c.ThreadPoolTaskScheduler          218 : Shutting down ExecutorService 'Nacos-Watch-Task-Scheduler'
2021-02-23 14:23:59.268  INFO 14940 [main] c.s.admin.server.AdminServerApplication  651 : No active profile set, falling back to default profiles: default
2021-02-23 14:24:13.830  INFO 7516 [main] c.s.admin.server.AdminServerApplication  651 : No active profile set, falling back to default profiles: default
2021-02-23 14:24:14.576  WARN 7516 [main] o.s.boot.actuate.endpoint.EndpointId     155 : Endpoint ID 'service-registry' contains invalid characters, please migrate to a valid format.
2021-02-23 14:24:14.669  INFO 7516 [main] o.s.cloud.context.scope.GenericScope     295 : BeanFactory id=4763aaca-b313-3002-9d51-a2bcca27cf35
2021-02-23 14:24:14.684  INFO 7516 [main] trationDelegate$BeanPostProcessorChecker 335 : Bean 'org.springframework.cloud.client.loadbalancer.reactive.LoadBalancerBeanPostProcessorAutoConfiguration' of type [org.springframework.cloud.client.loadbalancer.reactive.LoadBalancerBeanPostProcessorAutoConfiguration] is not eligible for getting processed by all BeanPostProcessors (for example: not eligible for auto-proxying)
2021-02-23 14:24:14.685  INFO 7516 [main] trationDelegate$BeanPostProcessorChecker 335 : Bean 'org.springframework.cloud.client.loadbalancer.reactive.LoadBalancerBeanPostProcessorAutoConfiguration$ReactiveLoadBalancerConfig' of type [org.springframework.cloud.client.loadbalancer.reactive.LoadBalancerBeanPostProcessorAutoConfiguration$ReactiveLoadBalancerConfig] is not eligible for getting processed by all BeanPostProcessors (for example: not eligible for auto-proxying)
2021-02-23 14:24:14.687  INFO 7516 [main] trationDelegate$BeanPostProcessorChecker 335 : Bean 'deferringLoadBalancerExchangeFilterFunction' of type [org.springframework.cloud.client.loadbalancer.reactive.DeferringLoadBalancerExchangeFilterFunction] is not eligible for getting processed by all BeanPostProcessors (for example: not eligible for auto-proxying)
