2021-02-23 14:16:21.890  INFO 1548 [main] c.s.admin.server.AdminServerApplication  651 : No active profile set, falling back to default profiles: default
2021-02-23 14:16:22.633  WARN 1548 [main] o.s.boot.actuate.endpoint.EndpointId     155 : Endpoint ID 'service-registry' contains invalid characters, please migrate to a valid format.
2021-02-23 14:16:22.726  INFO 1548 [main] o.s.cloud.context.scope.GenericScope     295 : BeanFactory id=4763aaca-b313-3002-9d51-a2bcca27cf35
2021-02-23 14:16:22.742  INFO 1548 [main] trationDelegate$BeanPostProcessorChecker 335 : Bean 'org.springframework.cloud.client.loadbalancer.reactive.LoadBalancerBeanPostProcessorAutoConfiguration' of type [org.springframework.cloud.client.loadbalancer.reactive.LoadBalancerBeanPostProcessorAutoConfiguration] is not eligible for getting processed by all BeanPostProcessors (for example: not eligible for auto-proxying)
2021-02-23 14:16:22.743  INFO 1548 [main] trationDelegate$BeanPostProcessorChecker 335 : Bean 'org.springframework.cloud.client.loadbalancer.reactive.LoadBalancerBeanPostProcessorAutoConfiguration$ReactiveLoadBalancerConfig' of type [org.springframework.cloud.client.loadbalancer.reactive.LoadBalancerBeanPostProcessorAutoConfiguration$ReactiveLoadBalancerConfig] is not eligible for getting processed by all BeanPostProcessors (for example: not eligible for auto-proxying)
2021-02-23 14:16:22.744  INFO 1548 [main] trationDelegate$BeanPostProcessorChecker 335 : Bean 'deferringLoadBalancerExchangeFilterFunction' of type [org.springframework.cloud.client.loadbalancer.reactive.DeferringLoadBalancerExchangeFilterFunction] is not eligible for getting processed by all BeanPostProcessors (for example: not eligible for auto-proxying)
2021-02-23 14:16:22.926  INFO 1548 [main] o.s.b.w.embedded.tomcat.TomcatWebServer  108 : Tomcat initialized with port(s): 8080 (http)
2021-02-23 14:16:22.935  INFO 1548 [main] o.a.coyote.http11.Http11NioProtocol      173 : Initializing ProtocolHandler ["http-nio-8080"]
2021-02-23 14:16:22.936  INFO 1548 [main] o.apache.catalina.core.StandardService   173 : Starting service [Tomcat]
2021-02-23 14:16:22.936  INFO 1548 [main] org.apache.catalina.core.StandardEngine  173 : Starting Servlet engine: [Apache Tomcat/9.0.37]
2021-02-23 14:16:23.030  INFO 1548 [main] o.a.c.c.C.[Tomcat].[localhost].[/]       173 : Initializing Spring embedded WebApplicationContext
2021-02-23 14:16:23.030  INFO 1548 [main] w.s.c.ServletWebServerApplicationContext 285 : Root WebApplicationContext: initialization completed in 1121 ms
2021-02-23 14:16:23.355  INFO 1548 [main] o.s.s.web.DefaultSecurityFilterChain     43 : Creating filter chain: any request, [org.springframework.security.web.context.request.async.WebAsyncManagerIntegrationFilter@526f6427, org.springframework.security.web.context.SecurityContextPersistenceFilter@2aa14ae6, org.springframework.security.web.header.HeaderWriterFilter@6986f93e, org.springframework.security.web.csrf.CsrfFilter@26c77f54, org.springframework.security.web.authentication.logout.LogoutFilter@53dd42d6, org.springframework.security.web.authentication.UsernamePasswordAuthenticationFilter@1e226bcd, org.springframework.security.web.authentication.www.BasicAuthenticationFilter@16cf8438, org.springframework.security.web.savedrequest.RequestCacheAwareFilter@4168f3d9, org.springframework.security.web.servletapi.SecurityContextHolderAwareRequestFilter@a0c5be, org.springframework.security.web.authentication.AnonymousAuthenticationFilter@4f1afe8f, org.springframework.security.web.session.SessionManagementFilter@39266403, org.springframework.security.web.access.ExceptionTranslationFilter@b768a65, org.springframework.security.web.access.intercept.FilterSecurityInterceptor@67acfde9]
2021-02-23 14:16:23.371  WARN 1548 [main] c.n.c.sources.URLConfigurationSource     121 : No URLs will be polled as dynamic configuration sources.
2021-02-23 14:16:23.371  INFO 1548 [main] c.n.c.sources.URLConfigurationSource     122 : To enable URLs as dynamic configuration sources, define System property archaius.configurationSource.additionalUrls or make config.properties available on classpath.
2021-02-23 14:16:23.375  WARN 1548 [main] c.n.c.sources.URLConfigurationSource     121 : No URLs will be polled as dynamic configuration sources.
2021-02-23 14:16:23.375  INFO 1548 [main] c.n.c.sources.URLConfigurationSource     122 : To enable URLs as dynamic configuration sources, define System property archaius.configurationSource.additionalUrls or make config.properties available on classpath.
2021-02-23 14:16:23.550  INFO 1548 [main] o.s.s.concurrent.ThreadPoolTaskExecutor  181 : Initializing ExecutorService 'applicationTaskExecutor'
2021-02-23 14:16:23.660  WARN 1548 [main] ion$DefaultTemplateResolverConfiguration 106 : Cannot find template location: classpath:/templates/ (please add some templates or check your Thymeleaf configuration)
2021-02-23 14:16:23.884  INFO 1548 [main] o.s.s.c.ThreadPoolTaskScheduler          181 : Initializing ExecutorService 'Nacos-Watch-Task-Scheduler'
2021-02-23 14:16:25.279  WARN 1548 [main] s.o.SpringCloudSecurityAutoConfiguration 38 : All Spring Cloud Security modules and starters are deprecated. They will be moved to individual projects in the next major release.
2021-02-23 14:16:25.284  INFO 1548 [main] o.s.b.a.e.web.EndpointLinksResolver      58 : Exposing 19 endpoint(s) beneath base path '/actuator'
2021-02-23 14:16:25.398  INFO 1548 [main] o.a.coyote.http11.Http11NioProtocol      173 : Starting ProtocolHandler ["http-nio-8080"]
2021-02-23 14:16:25.418  INFO 1548 [main] o.s.b.w.embedded.tomcat.TomcatWebServer  220 : Tomcat started on port(s): 8080 (http) with context path ''
2021-02-23 14:16:25.630  INFO 1548 [main] c.a.c.n.registry.NacosServiceRegistry    75 : nacos registry, spring-boot-admin spring-boot-admin-server 192.168.100.97:8080 register finished
2021-02-23 14:16:25.732  INFO 1548 [http-nio-8080-exec-1] o.apache.tomcat.util.http.parser.Cookie  173 : A cookie header was received [1611802506; _ga=GA1.1.1744953532.1611904910; NavicatMonitorCookie=9e9fdf79-9fbf-4ef8-a701-efd7c6f63b25; XSRF-TOKEN=293bcd11-82b1-48f2-9c39-31d1df978d67; JSESSIONID=0F5DEFEFD68C2EBF0C333ED19F6EC936] that contained an invalid cookie. That cookie will be ignored.
 Note: further occurrences of this error will be logged at DEBUG level.
2021-02-23 14:16:25.739  INFO 1548 [http-nio-8080-exec-1] o.a.c.c.C.[Tomcat].[localhost].[/]       173 : Initializing Spring DispatcherServlet 'dispatcherServlet'
2021-02-23 14:16:25.739  INFO 1548 [http-nio-8080-exec-1] o.s.web.servlet.DispatcherServlet        525 : Initializing Servlet 'dispatcherServlet'
2021-02-23 14:16:25.745  INFO 1548 [http-nio-8080-exec-1] o.s.web.servlet.DispatcherServlet        547 : Completed initialization in 6 ms
2021-02-23 14:16:25.856  INFO 1548 [main] c.s.admin.server.AdminServerApplication  61 : Started AdminServerApplication in 5.128 seconds (JVM running for 5.802)
2021-02-23 14:16:37.081  INFO 10448 [main] c.s.admin.client.AdminClientApplication  651 : No active profile set, falling back to default profiles: default
2021-02-23 14:16:37.692  WARN 10448 [main] o.s.boot.actuate.endpoint.EndpointId     155 : Endpoint ID 'service-registry' contains invalid characters, please migrate to a valid format.
2021-02-23 14:16:37.778  INFO 10448 [main] o.s.cloud.context.scope.GenericScope     295 : BeanFactory id=b8cb6042-1abe-3bc1-9502-102903a3bef7
2021-02-23 14:16:37.789  INFO 10448 [main] trationDelegate$BeanPostProcessorChecker 335 : Bean 'org.springframework.cloud.client.loadbalancer.reactive.LoadBalancerBeanPostProcessorAutoConfiguration' of type [org.springframework.cloud.client.loadbalancer.reactive.LoadBalancerBeanPostProcessorAutoConfiguration] is not eligible for getting processed by all BeanPostProcessors (for example: not eligible for auto-proxying)
2021-02-23 14:16:37.791  INFO 10448 [main] trationDelegate$BeanPostProcessorChecker 335 : Bean 'org.springframework.cloud.client.loadbalancer.reactive.LoadBalancerBeanPostProcessorAutoConfiguration$ReactiveLoadBalancerConfig' of type [org.springframework.cloud.client.loadbalancer.reactive.LoadBalancerBeanPostProcessorAutoConfiguration$ReactiveLoadBalancerConfig] is not eligible for getting processed by all BeanPostProcessors (for example: not eligible for auto-proxying)
2021-02-23 14:16:37.792  INFO 10448 [main] trationDelegate$BeanPostProcessorChecker 335 : Bean 'deferringLoadBalancerExchangeFilterFunction' of type [org.springframework.cloud.client.loadbalancer.reactive.DeferringLoadBalancerExchangeFilterFunction] is not eligible for getting processed by all BeanPostProcessors (for example: not eligible for auto-proxying)
2021-02-23 14:16:37.965  INFO 10448 [main] o.s.b.w.embedded.tomcat.TomcatWebServer  108 : Tomcat initialized with port(s): 8081 (http)
2021-02-23 14:16:37.973  INFO 10448 [main] o.a.coyote.http11.Http11NioProtocol      173 : Initializing ProtocolHandler ["http-nio-8081"]
2021-02-23 14:16:37.974  INFO 10448 [main] o.apache.catalina.core.StandardService   173 : Starting service [Tomcat]
2021-02-23 14:16:37.974  INFO 10448 [main] org.apache.catalina.core.StandardEngine  173 : Starting Servlet engine: [Apache Tomcat/9.0.37]
2021-02-23 14:16:38.054  INFO 10448 [main] o.a.c.c.C.[.[localhost].[/admin-client]  173 : Initializing Spring embedded WebApplicationContext
2021-02-23 14:16:38.054  INFO 10448 [main] w.s.c.ServletWebServerApplicationContext 285 : Root WebApplicationContext: initialization completed in 957 ms
2021-02-23 14:16:38.203  WARN 10448 [main] c.n.c.sources.URLConfigurationSource     121 : No URLs will be polled as dynamic configuration sources.
2021-02-23 14:16:38.203  INFO 10448 [main] c.n.c.sources.URLConfigurationSource     122 : To enable URLs as dynamic configuration sources, define System property archaius.configurationSource.additionalUrls or make config.properties available on classpath.
2021-02-23 14:16:38.216  WARN 10448 [main] c.n.c.sources.URLConfigurationSource     121 : No URLs will be polled as dynamic configuration sources.
2021-02-23 14:16:38.217  INFO 10448 [main] c.n.c.sources.URLConfigurationSource     122 : To enable URLs as dynamic configuration sources, define System property archaius.configurationSource.additionalUrls or make config.properties available on classpath.
2021-02-23 14:16:38.334  INFO 10448 [main] o.s.s.concurrent.ThreadPoolTaskExecutor  181 : Initializing ExecutorService 'applicationTaskExecutor'
2021-02-23 14:16:38.429  WARN 10448 [main] ion$DefaultTemplateResolverConfiguration 106 : Cannot find template location: classpath:/templates/ (please add some templates or check your Thymeleaf configuration)
2021-02-23 14:16:38.658  INFO 10448 [main] o.s.s.c.ThreadPoolTaskScheduler          181 : Initializing ExecutorService 'Nacos-Watch-Task-Scheduler'
2021-02-23 14:16:39.720  INFO 10448 [main] o.s.b.a.e.web.EndpointLinksResolver      58 : Exposing 19 endpoint(s) beneath base path '/actuator'
2021-02-23 14:16:39.833  INFO 10448 [main] o.a.coyote.http11.Http11NioProtocol      173 : Starting ProtocolHandler ["http-nio-8081"]
2021-02-23 14:16:39.851  INFO 10448 [main] o.s.b.w.embedded.tomcat.TomcatWebServer  220 : Tomcat started on port(s): 8081 (http) with context path '/admin-client'
2021-02-23 14:16:40.067  INFO 10448 [main] c.a.c.n.registry.NacosServiceRegistry    75 : nacos registry, spring-boot-admin spring-boot-admin-client 192.168.100.97:8081 register finished
2021-02-23 14:16:40.291  INFO 10448 [main] c.s.admin.client.AdminClientApplication  61 : Started AdminClientApplication in 4.471 seconds (JVM running for 5.172)
2021-02-23 14:16:41.037  INFO 10448 [RMI TCP Connection(5)-192.168.100.97] o.a.c.c.C.[.[localhost].[/admin-client]  173 : Initializing Spring DispatcherServlet 'dispatcherServlet'
2021-02-23 14:16:41.037  INFO 10448 [RMI TCP Connection(5)-192.168.100.97] o.s.web.servlet.DispatcherServlet        525 : Initializing Servlet 'dispatcherServlet'
2021-02-23 14:16:41.042  INFO 10448 [RMI TCP Connection(5)-192.168.100.97] o.s.web.servlet.DispatcherServlet        547 : Completed initialization in 5 ms
2021-02-23 14:20:33.264  WARN 1548 [Thread-20] c.a.nacos.common.notify.NotifyCenter     145 : [NotifyCenter] Start destroying Publisher
2021-02-23 14:20:33.264  WARN 1548 [Thread-14] c.a.n.common.http.HttpClientBeanHolder   108 : [HttpClientBeanHolder] Start destroying common HttpClient
2021-02-23 14:20:33.265  WARN 1548 [Thread-20] c.a.nacos.common.notify.NotifyCenter     162 : [NotifyCenter] Destruction of the end
2021-02-23 14:20:33.265  WARN 1548 [Thread-14] c.a.n.common.http.HttpClientBeanHolder   114 : [HttpClientBeanHolder] Destruction of the end
2021-02-23 14:20:33.432  INFO 1548 [SpringContextShutdownHook] o.s.s.c.ThreadPoolTaskScheduler          218 : Shutting down ExecutorService 'Nacos-Watch-Task-Scheduler'
2021-02-23 14:20:35.514  INFO 1548 [SpringContextShutdownHook] c.a.c.n.registry.NacosServiceRegistry    90 : De-registering from Nacos Server now...
2021-02-23 14:20:35.516  INFO 1548 [SpringContextShutdownHook] c.a.c.n.registry.NacosServiceRegistry    110 : De-registration finished.
2021-02-23 14:20:42.198  WARN 1548 [SpringContextShutdownHook] o.s.b.f.support.DisposableBeanAdapter    349 : Destroy method 'close' on bean with name 'nacosServiceRegistry' threw an exception: java.lang.NullPointerException
2021-02-23 14:20:42.199  INFO 1548 [SpringContextShutdownHook] o.s.s.concurrent.ThreadPoolTaskExecutor  218 : Shutting down ExecutorService 'applicationTaskExecutor'
2021-02-23 14:20:46.480  WARN 10448 [Thread-13] c.a.n.common.http.HttpClientBeanHolder   108 : [HttpClientBeanHolder] Start destroying common HttpClient
2021-02-23 14:20:46.480  WARN 10448 [Thread-19] c.a.nacos.common.notify.NotifyCenter     145 : [NotifyCenter] Start destroying Publisher
2021-02-23 14:20:46.480  WARN 10448 [Thread-19] c.a.nacos.common.notify.NotifyCenter     162 : [NotifyCenter] Destruction of the end
2021-02-23 14:20:46.481  WARN 10448 [Thread-13] c.a.n.common.http.HttpClientBeanHolder   114 : [HttpClientBeanHolder] Destruction of the end
2021-02-23 14:20:46.642  INFO 10448 [SpringContextShutdownHook] o.s.s.c.ThreadPoolTaskScheduler          218 : Shutting down ExecutorService 'Nacos-Watch-Task-Scheduler'
2021-02-23 14:20:46.648  INFO 10448 [SpringContextShutdownHook] c.a.c.n.registry.NacosServiceRegistry    90 : De-registering from Nacos Server now...
2021-02-23 14:20:46.651  INFO 10448 [SpringContextShutdownHook] c.a.c.n.registry.NacosServiceRegistry    110 : De-registration finished.
2021-02-23 14:20:54.147  WARN 10448 [SpringContextShutdownHook] o.s.b.f.support.DisposableBeanAdapter    349 : Destroy method 'close' on bean with name 'nacosServiceRegistry' threw an exception: java.lang.NullPointerException
2021-02-23 14:20:54.148  INFO 10448 [SpringContextShutdownHook] o.s.s.concurrent.ThreadPoolTaskExecutor  218 : Shutting down ExecutorService 'applicationTaskExecutor'
